[ 2017-03-07T14:47:12+08:00 ] 127.0.0.1 //project/Thinkcms/server//index.php//Admin//Public/debug
INFO: [ app_init ] --START--
INFO: Run Behavior\BuildLiteBehavior [ RunTime:0.000000s ]
INFO: [ app_init ] --END-- [ RunTime:0.001000s ]
INFO: [ app_begin ] --START--
INFO: Run Behavior\ReadHtmlCacheBehavior [ RunTime:0.001000s ]
INFO: [ app_begin ] --END-- [ RunTime:0.001000s ]
SQL: SHOW COLUMNS FROM `ad_menu` [ RunTime:0.0060s ]
SQL: SHOW COLUMNS FROM `ad_auth_rule` [ RunTime:0.0040s ]
SQL: SELECT * FROM `ad_auth_rule` WHERE ( name = "admin/member/index" ) LIMIT 1   [ RunTime:0.0000s ]
SQL: INSERT INTO `ad_auth_rule` (`title`,`name`,`module`,`type`) VALUES ('用户列表','admin/member/index','admin','2') [ RunTime:0.0010s ]
NOTIC: [8] Undefined index: role_id D:\App\Myweb\project\Thinkcms\server\Application\Admin\Model\MenuModel.class.php 第 49 行.
SQL: INSERT INTO `ad_menu` (`title`,`url`,`pid`,`sort`,`hide`,`rule_id`) VALUES ('用户列表','member/index','0','1','0',NULL) [ RunTime:0.0000s ]
INFO: [ app_end ] --START--
INFO: Run Behavior\ShowPageTraceBehavior [ RunTime:0.001000s ]
INFO: [ app_end ] --END-- [ RunTime:0.001000s ]

[ 2017-03-07T14:48:10+08:00 ] 127.0.0.1 //project/Thinkcms/server//index.php//Admin//Public/debug
INFO: [ app_init ] --START--
INFO: Run Behavior\BuildLiteBehavior [ RunTime:0.000000s ]
INFO: [ app_init ] --END-- [ RunTime:0.001000s ]
INFO: [ app_begin ] --START--
INFO: Run Behavior\ReadHtmlCacheBehavior [ RunTime:0.001000s ]
INFO: [ app_begin ] --END-- [ RunTime:0.001000s ]
SQL: SHOW COLUMNS FROM `ad_menu` [ RunTime:0.0040s ]
SQL: SHOW COLUMNS FROM `ad_auth_rule` [ RunTime:0.0040s ]
SQL: SELECT * FROM `ad_auth_rule` WHERE ( name = "admin/member/index" ) LIMIT 1   [ RunTime:0.0010s ]
SQL: SELECT * FROM `ad_auth_rule` WHERE ( name = "admin/member/index" ) LIMIT 1   [ RunTime:0.0000s ]
SQL: INSERT INTO `ad_menu` (`title`,`url`,`pid`,`sort`,`hide`,`rule_id`) VALUES ('用户列表','member/index','0','1','0','2') [ RunTime:0.0000s ]
INFO: [ app_end ] --START--
INFO: Run Behavior\ShowPageTraceBehavior [ RunTime:0.001000s ]
INFO: [ app_end ] --END-- [ RunTime:0.001000s ]

[ 2017-03-07T15:17:25+08:00 ] 127.0.0.1 //project/Thinkcms/server//index.php//Admin//Public/debug
INFO: [ app_init ] --START--
INFO: Run Behavior\BuildLiteBehavior [ RunTime:0.000000s ]
INFO: [ app_init ] --END-- [ RunTime:0.001000s ]
INFO: [ app_begin ] --START--
INFO: Run Behavior\ReadHtmlCacheBehavior [ RunTime:0.000000s ]
INFO: [ app_begin ] --END-- [ RunTime:0.000000s ]
SQL: SHOW COLUMNS FROM `ad_auth_group` [ RunTime:0.0060s ]
SQL: SHOW COLUMNS FROM `ad_auth_group_access` [ RunTime:0.0040s ]
SQL: SELECT * FROM `ad_auth_group_access` WHERE ( uid = 1 and group_id = 1 ) LIMIT 1   [ RunTime:0.0000s ]
SQL: INSERT INTO `ad_auth_group_access` (`uid`,`group_id`) VALUES ('1','1') [ RunTime:0.0010s ]
INFO: [ app_end ] --START--
INFO: Run Behavior\ShowPageTraceBehavior [ RunTime:0.001000s ]
INFO: [ app_end ] --END-- [ RunTime:0.001000s ]

[ 2017-03-07T15:17:37+08:00 ] 127.0.0.1 //project/Thinkcms/server//index.php//Admin//Public/debug
INFO: [ app_init ] --START--
INFO: Run Behavior\BuildLiteBehavior [ RunTime:0.000000s ]
INFO: [ app_init ] --END-- [ RunTime:0.000000s ]
INFO: [ app_begin ] --START--
INFO: Run Behavior\ReadHtmlCacheBehavior [ RunTime:0.000000s ]
INFO: [ app_begin ] --END-- [ RunTime:0.000000s ]
SQL: SHOW COLUMNS FROM `ad_auth_group` [ RunTime:0.0050s ]
SQL: SHOW COLUMNS FROM `ad_auth_group_access` [ RunTime:0.0040s ]
SQL: SELECT * FROM `ad_auth_group_access` WHERE ( uid = 2 and group_id = 1 ) LIMIT 1   [ RunTime:0.0010s ]
SQL: INSERT INTO `ad_auth_group_access` (`uid`,`group_id`) VALUES ('2','1') [ RunTime:0.0000s ]
INFO: [ app_end ] --START--
INFO: Run Behavior\ShowPageTraceBehavior [ RunTime:0.001000s ]
INFO: [ app_end ] --END-- [ RunTime:0.001000s ]

[ 2017-03-07T15:17:51+08:00 ] 127.0.0.1 //project/Thinkcms/server//index.php//Admin//Public/debug
INFO: [ app_init ] --START--
INFO: Run Behavior\BuildLiteBehavior [ RunTime:0.000000s ]
INFO: [ app_init ] --END-- [ RunTime:0.000000s ]
INFO: [ app_begin ] --START--
INFO: Run Behavior\ReadHtmlCacheBehavior [ RunTime:0.000000s ]
INFO: [ app_begin ] --END-- [ RunTime:0.000000s ]
SQL: SHOW COLUMNS FROM `ad_auth_group` [ RunTime:0.0050s ]
SQL: SHOW COLUMNS FROM `ad_auth_group_access` [ RunTime:0.0040s ]
ERR: Failed to AUTH connection

[ 2017-03-07T15:19:13+08:00 ] 127.0.0.1 /server/index.php/admin/public/debug
INFO: [ app_init ] --START--
INFO: Run Behavior\BuildLiteBehavior [ RunTime:0.000000s ]
INFO: [ app_init ] --END-- [ RunTime:0.001000s ]
INFO: [ app_begin ] --START--
INFO: Run Behavior\ReadHtmlCacheBehavior [ RunTime:0.001001s ]
INFO: [ app_begin ] --END-- [ RunTime:0.001001s ]
SQL: SHOW COLUMNS FROM `ad_auth_group` [ RunTime:0.0040s ]
SQL: SHOW COLUMNS FROM `ad_auth_group_access` [ RunTime:0.0040s ]
ERR: Failed to AUTH connection

[ 2017-03-07T15:20:15+08:00 ] 127.0.0.1 /server/index.php/admin/public/debug
INFO: [ app_init ] --START--
INFO: Run Behavior\BuildLiteBehavior [ RunTime:0.000000s ]
INFO: [ app_init ] --END-- [ RunTime:0.001000s ]
INFO: [ app_begin ] --START--
INFO: Run Behavior\ReadHtmlCacheBehavior [ RunTime:0.001000s ]
INFO: [ app_begin ] --END-- [ RunTime:0.001000s ]
SQL: SHOW COLUMNS FROM `ad_auth_group` [ RunTime:0.0050s ]
SQL: SHOW COLUMNS FROM `ad_auth_group_access` [ RunTime:0.0040s ]
ERR: Failed to AUTH connection

[ 2017-03-07T15:21:10+08:00 ] 127.0.0.1 /server/index.php/admin/public/debug
INFO: [ app_init ] --START--
INFO: Run Behavior\BuildLiteBehavior [ RunTime:0.000000s ]
INFO: [ app_init ] --END-- [ RunTime:0.001000s ]
INFO: [ app_begin ] --START--
INFO: Run Behavior\ReadHtmlCacheBehavior [ RunTime:0.001000s ]
INFO: [ app_begin ] --END-- [ RunTime:0.001000s ]
SQL: SHOW COLUMNS FROM `ad_auth_group` [ RunTime:0.0050s ]
SQL: SHOW COLUMNS FROM `ad_auth_group_access` [ RunTime:0.0040s ]
NOTIC: [8] Undefined variable: This D:\App\Myweb\project\Thinkcms\server\ThinkPHP\Library\Think\Cache\Driver\Redis.class.php 第 46 行.
NOTIC: [8] Trying to get property of non-object D:\App\Myweb\project\Thinkcms\server\ThinkPHP\Library\Think\Cache\Driver\Redis.class.php 第 46 行.
ERR: Call to a member function auth() on null

[ 2017-03-07T15:21:21+08:00 ] 127.0.0.1 /server/index.php/admin/public/debug
INFO: [ app_init ] --START--
INFO: Run Behavior\BuildLiteBehavior [ RunTime:0.000000s ]
INFO: [ app_init ] --END-- [ RunTime:0.000000s ]
INFO: [ app_begin ] --START--
INFO: Run Behavior\ReadHtmlCacheBehavior [ RunTime:0.001001s ]
INFO: [ app_begin ] --END-- [ RunTime:0.001001s ]
SQL: SHOW COLUMNS FROM `ad_auth_group` [ RunTime:0.0050s ]
SQL: SHOW COLUMNS FROM `ad_auth_group_access` [ RunTime:0.0050s ]
SQL: SELECT `group_id` FROM `ad_auth_group_access` WHERE ( uid = 2 and group_id in (123) )  [ RunTime:0.0010s ]
NOTIC: [2] in_array() expects parameter 2 to be array, null given D:\App\Myweb\project\Thinkcms\server\Application\Admin\Model\GroupModel.class.php 第 58 行.
NOTIC: [2] in_array() expects parameter 2 to be array, null given D:\App\Myweb\project\Thinkcms\server\Application\Admin\Model\GroupModel.class.php 第 58 行.
NOTIC: [2] in_array() expects parameter 2 to be array, null given D:\App\Myweb\project\Thinkcms\server\Application\Admin\Model\GroupModel.class.php 第 58 行.
ERR: 1062:Duplicate entry '2-1' for key 'uid_group_id'
 [ SQL语句 ] : INSERT INTO `ad_auth_group_access` (`uid`,`group_id`) VALUES ('2','1'),('2','2'),('2','3')
ERR: 1062:Duplicate entry '2-1' for key 'uid_group_id'
 [ SQL语句 ] : INSERT INTO `ad_auth_group_access` (`uid`,`group_id`) VALUES ('2','1'),('2','2'),('2','3')

[ 2017-03-07T15:22:39+08:00 ] 127.0.0.1 /server/index.php/admin/public/debug
INFO: [ app_init ] --START--
INFO: Run Behavior\BuildLiteBehavior [ RunTime:0.000000s ]
INFO: [ app_init ] --END-- [ RunTime:0.001000s ]
INFO: [ app_begin ] --START--
INFO: Run Behavior\ReadHtmlCacheBehavior [ RunTime:0.001000s ]
INFO: [ app_begin ] --END-- [ RunTime:0.001000s ]
SQL: SHOW COLUMNS FROM `ad_auth_group` [ RunTime:0.0050s ]
SQL: SHOW COLUMNS FROM `ad_auth_group_access` [ RunTime:0.0040s ]
SQL: SELECT `group_id` FROM `ad_auth_group_access` WHERE ( uid = 2 and group_id in (123) )  [ RunTime:0.0000s ]
NOTIC: [2] in_array() expects parameter 2 to be array, null given D:\App\Myweb\project\Thinkcms\server\Application\Admin\Model\GroupModel.class.php 第 58 行.
NOTIC: [2] in_array() expects parameter 2 to be array, null given D:\App\Myweb\project\Thinkcms\server\Application\Admin\Model\GroupModel.class.php 第 58 行.
NOTIC: [2] in_array() expects parameter 2 to be array, null given D:\App\Myweb\project\Thinkcms\server\Application\Admin\Model\GroupModel.class.php 第 58 行.

[ 2017-03-07T15:23:04+08:00 ] 127.0.0.1 /server/index.php/admin/public/debug
INFO: [ app_init ] --START--
INFO: Run Behavior\BuildLiteBehavior [ RunTime:0.000000s ]
INFO: [ app_init ] --END-- [ RunTime:0.000000s ]
INFO: [ app_begin ] --START--
INFO: Run Behavior\ReadHtmlCacheBehavior [ RunTime:0.001000s ]
INFO: [ app_begin ] --END-- [ RunTime:0.001000s ]
SQL: SHOW COLUMNS FROM `ad_auth_group` [ RunTime:0.0050s ]
SQL: SHOW COLUMNS FROM `ad_auth_group_access` [ RunTime:0.0040s ]
SQL: SELECT `group_id` FROM `ad_auth_group_access` WHERE ( uid = 2 and group_id in (123) )  [ RunTime:0.0000s ]
NOTIC: [2] Invalid argument supplied for foreach() D:\App\Myweb\project\Thinkcms\server\Application\Admin\Model\GroupModel.class.php 第 57 行.

[ 2017-03-07T15:23:27+08:00 ] 127.0.0.1 /server/index.php/admin/public/debug
INFO: [ app_init ] --START--
INFO: Run Behavior\BuildLiteBehavior [ RunTime:0.000000s ]
INFO: [ app_init ] --END-- [ RunTime:0.000000s ]
INFO: [ app_begin ] --START--
INFO: Run Behavior\ReadHtmlCacheBehavior [ RunTime:0.000000s ]
INFO: [ app_begin ] --END-- [ RunTime:0.000000s ]
SQL: SHOW COLUMNS FROM `ad_auth_group` [ RunTime:0.0050s ]
SQL: SHOW COLUMNS FROM `ad_auth_group_access` [ RunTime:0.0050s ]
SQL: SELECT `group_id` FROM `ad_auth_group_access` WHERE ( uid = 2 and group_id in (123) )  [ RunTime:0.0010s ]
NOTIC: [2] in_array() expects parameter 2 to be array, null given D:\App\Myweb\project\Thinkcms\server\Application\Admin\Model\GroupModel.class.php 第 58 行.
NOTIC: [2] in_array() expects parameter 2 to be array, null given D:\App\Myweb\project\Thinkcms\server\Application\Admin\Model\GroupModel.class.php 第 58 行.
NOTIC: [2] in_array() expects parameter 2 to be array, null given D:\App\Myweb\project\Thinkcms\server\Application\Admin\Model\GroupModel.class.php 第 58 行.

[ 2017-03-07T15:23:51+08:00 ] 127.0.0.1 /server/index.php/admin/public/debug
INFO: [ app_init ] --START--
INFO: Run Behavior\BuildLiteBehavior [ RunTime:0.000000s ]
INFO: [ app_init ] --END-- [ RunTime:0.000000s ]
INFO: [ app_begin ] --START--
INFO: Run Behavior\ReadHtmlCacheBehavior [ RunTime:0.001000s ]
INFO: [ app_begin ] --END-- [ RunTime:0.001000s ]
SQL: SHOW COLUMNS FROM `ad_auth_group` [ RunTime:0.0040s ]
SQL: SHOW COLUMNS FROM `ad_auth_group_access` [ RunTime:0.0060s ]
SQL: SELECT `group_id` FROM `ad_auth_group_access` WHERE ( uid = 2 )  [ RunTime:0.0000s ]

[ 2017-03-07T15:24:20+08:00 ] 127.0.0.1 /server/index.php/admin/public/debug
INFO: [ app_init ] --START--
INFO: Run Behavior\BuildLiteBehavior [ RunTime:0.000000s ]
INFO: [ app_init ] --END-- [ RunTime:0.001000s ]
INFO: [ app_begin ] --START--
INFO: Run Behavior\ReadHtmlCacheBehavior [ RunTime:0.001000s ]
INFO: [ app_begin ] --END-- [ RunTime:0.001000s ]
SQL: SHOW COLUMNS FROM `ad_auth_group` [ RunTime:0.0050s ]
SQL: SHOW COLUMNS FROM `ad_auth_group_access` [ RunTime:0.0060s ]
SQL: SELECT `group_id` FROM `ad_auth_group_access` WHERE ( uid = 2 and group_id in (123) )  [ RunTime:0.0010s ]
NOTIC: [2] in_array() expects parameter 2 to be array, null given D:\App\Myweb\project\Thinkcms\server\Application\Admin\Model\GroupModel.class.php 第 59 行.
NOTIC: [2] in_array() expects parameter 2 to be array, null given D:\App\Myweb\project\Thinkcms\server\Application\Admin\Model\GroupModel.class.php 第 59 行.
NOTIC: [2] in_array() expects parameter 2 to be array, null given D:\App\Myweb\project\Thinkcms\server\Application\Admin\Model\GroupModel.class.php 第 59 行.

[ 2017-03-07T15:24:29+08:00 ] 127.0.0.1 /server/index.php/admin/public/debug
INFO: [ app_init ] --START--
INFO: Run Behavior\BuildLiteBehavior [ RunTime:0.000000s ]
INFO: [ app_init ] --END-- [ RunTime:0.001001s ]
INFO: [ app_begin ] --START--
INFO: Run Behavior\ReadHtmlCacheBehavior [ RunTime:0.000000s ]
INFO: [ app_begin ] --END-- [ RunTime:0.001000s ]
SQL: SHOW COLUMNS FROM `ad_auth_group` [ RunTime:0.0040s ]
SQL: SHOW COLUMNS FROM `ad_auth_group_access` [ RunTime:0.0060s ]
SQL: SELECT `group_id` FROM `ad_auth_group_access` WHERE ( uid = 2 and group_id in (1,2,3) )  [ RunTime:0.0010s ]

[ 2017-03-07T15:24:46+08:00 ] 127.0.0.1 /server/index.php/admin/public/debug
INFO: [ app_init ] --START--
INFO: Run Behavior\BuildLiteBehavior [ RunTime:0.000000s ]
INFO: [ app_init ] --END-- [ RunTime:0.000000s ]
INFO: [ app_begin ] --START--
INFO: Run Behavior\ReadHtmlCacheBehavior [ RunTime:0.001000s ]
INFO: [ app_begin ] --END-- [ RunTime:0.001000s ]
SQL: SHOW COLUMNS FROM `ad_auth_group` [ RunTime:0.0040s ]
SQL: SHOW COLUMNS FROM `ad_auth_group_access` [ RunTime:0.0040s ]

[ 2017-03-07T15:24:53+08:00 ] 127.0.0.1 /server/index.php/admin/public/debug
INFO: [ app_init ] --START--
INFO: Run Behavior\BuildLiteBehavior [ RunTime:0.000000s ]
INFO: [ app_init ] --END-- [ RunTime:0.001000s ]
INFO: [ app_begin ] --START--
INFO: Run Behavior\ReadHtmlCacheBehavior [ RunTime:0.001000s ]
INFO: [ app_begin ] --END-- [ RunTime:0.001000s ]
SQL: SHOW COLUMNS FROM `ad_auth_group` [ RunTime:0.0050s ]
SQL: SHOW COLUMNS FROM `ad_auth_group_access` [ RunTime:0.0060s ]
SQL: INSERT INTO `ad_auth_group_access` (`uid`,`group_id`) VALUES ('2','2'),('2','3') [ RunTime:0.0000s ]
INFO: [ app_end ] --START--
INFO: Run Behavior\ShowPageTraceBehavior [ RunTime:0.001000s ]
INFO: [ app_end ] --END-- [ RunTime:0.001000s ]

[ 2017-03-07T15:29:12+08:00 ] 127.0.0.1 //project/Thinkcms/server//index.php//Admin//Public/debug
INFO: [ app_init ] --START--
INFO: Run Behavior\BuildLiteBehavior [ RunTime:0.000000s ]
INFO: [ app_init ] --END-- [ RunTime:0.000000s ]
INFO: [ app_begin ] --START--
INFO: Run Behavior\ReadHtmlCacheBehavior [ RunTime:0.001000s ]
INFO: [ app_begin ] --END-- [ RunTime:0.001000s ]
INFO: [ app_end ] --START--
INFO: Run Behavior\ShowPageTraceBehavior [ RunTime:0.001000s ]
INFO: [ app_end ] --END-- [ RunTime:0.001000s ]

[ 2017-03-07T15:30:12+08:00 ] 127.0.0.1 //project/Thinkcms/server//index.php//Admin//Public/debug
INFO: [ app_init ] --START--
INFO: Run Behavior\BuildLiteBehavior [ RunTime:0.000000s ]
INFO: [ app_init ] --END-- [ RunTime:0.000000s ]
INFO: [ app_begin ] --START--
INFO: Run Behavior\ReadHtmlCacheBehavior [ RunTime:0.002000s ]
INFO: [ app_begin ] --END-- [ RunTime:0.002000s ]
INFO: [ app_end ] --START--
INFO: Run Behavior\ShowPageTraceBehavior [ RunTime:0.001000s ]
INFO: [ app_end ] --END-- [ RunTime:0.001000s ]

[ 2017-03-07T15:41:29+08:00 ] 127.0.0.1 //project/Thinkcms/server//index.php//Admin//Public/debug
INFO: [ app_init ] --START--
INFO: Run Behavior\BuildLiteBehavior [ RunTime:0.000000s ]
INFO: [ app_init ] --END-- [ RunTime:0.001000s ]
INFO: [ app_begin ] --START--
INFO: Run Behavior\ReadHtmlCacheBehavior [ RunTime:0.001000s ]
INFO: [ app_begin ] --END-- [ RunTime:0.001000s ]
SQL: SHOW COLUMNS FROM `ad_auth_group` [ RunTime:0.0050s ]
SQL: SELECT * FROM `ad_auth_group` WHERE ( id = 1 ) LIMIT 1   [ RunTime:0.0010s ]
SQL: UPDATE `ad_auth_group` SET `module`='admin',`type`='1',`title`='基础权限',`description`='后台用户基本的权限',`status`='1',`rules`='1,2,3' WHERE `id` = 1 [ RunTime:0.0000s ]
INFO: [ app_end ] --START--
INFO: Run Behavior\ShowPageTraceBehavior [ RunTime:0.001000s ]
INFO: [ app_end ] --END-- [ RunTime:0.001000s ]

[ 2017-03-07T15:43:07+08:00 ] 127.0.0.1 //project/Thinkcms/server//index.php//Admin//Public/debug
INFO: [ app_init ] --START--
INFO: Run Behavior\BuildLiteBehavior [ RunTime:0.000000s ]
INFO: [ app_init ] --END-- [ RunTime:0.000000s ]
INFO: [ app_begin ] --START--
INFO: Run Behavior\ReadHtmlCacheBehavior [ RunTime:0.001000s ]
INFO: [ app_begin ] --END-- [ RunTime:0.001000s ]
SQL: SHOW COLUMNS FROM `ad_auth_group` [ RunTime:0.0050s ]
ERR: Think\Model:addRuleToGroup方法不存在！

[ 2017-03-07T15:43:13+08:00 ] 127.0.0.1 /server/index.php/admin/public/debug
INFO: [ app_init ] --START--
INFO: Run Behavior\BuildLiteBehavior [ RunTime:0.000000s ]
INFO: [ app_init ] --END-- [ RunTime:0.001000s ]
INFO: [ app_begin ] --START--
INFO: Run Behavior\ReadHtmlCacheBehavior [ RunTime:0.001000s ]
INFO: [ app_begin ] --END-- [ RunTime:0.001000s ]
SQL: SHOW COLUMNS FROM `ad_auth_group` [ RunTime:0.0050s ]
ERR: Think\Model:addRuleToGroup方法不存在！

[ 2017-03-07T15:43:24+08:00 ] 127.0.0.1 /server/index.php/admin/public/debug
INFO: [ app_init ] --START--
INFO: Run Behavior\BuildLiteBehavior [ RunTime:0.000000s ]
INFO: [ app_init ] --END-- [ RunTime:0.001000s ]
INFO: [ app_begin ] --START--
INFO: Run Behavior\ReadHtmlCacheBehavior [ RunTime:0.000000s ]
INFO: [ app_begin ] --END-- [ RunTime:0.000000s ]
SQL: SHOW COLUMNS FROM `ad_auth_group` [ RunTime:0.0050s ]
SQL: SELECT * FROM `ad_auth_group` WHERE ( id = 1 ) LIMIT 1   [ RunTime:0.0000s ]
SQL: UPDATE `ad_auth_group` SET `module`='admin',`type`='1',`title`='基础权限',`description`='后台用户基本的权限',`status`='1',`rules`='1,2,3,4,5' WHERE `id` = 1 [ RunTime:0.0000s ]
INFO: [ app_end ] --START--
INFO: Run Behavior\ShowPageTraceBehavior [ RunTime:0.002000s ]
INFO: [ app_end ] --END-- [ RunTime:0.002000s ]

[ 2017-03-07T15:58:54+08:00 ] 127.0.0.1 //project/Thinkcms/server//index.php//Admin//Public/debug
INFO: [ app_init ] --START--
INFO: Run Behavior\BuildLiteBehavior [ RunTime:0.000000s ]
INFO: [ app_init ] --END-- [ RunTime:0.000000s ]
INFO: [ app_begin ] --START--
INFO: Run Behavior\ReadHtmlCacheBehavior [ RunTime:0.001000s ]
INFO: [ app_begin ] --END-- [ RunTime:0.001000s ]
ERR: syntax error, unexpected '(', expecting identifier (T_STRING) or variable (T_VARIABLE) or '{' or '$'

[ 2017-03-07T15:58:58+08:00 ] 127.0.0.1 /server/index.php/admin/public/debug
INFO: [ app_init ] --START--
INFO: Run Behavior\BuildLiteBehavior [ RunTime:0.000000s ]
INFO: [ app_init ] --END-- [ RunTime:0.001000s ]
INFO: [ app_begin ] --START--
INFO: Run Behavior\ReadHtmlCacheBehavior [ RunTime:0.001000s ]
INFO: [ app_begin ] --END-- [ RunTime:0.001000s ]
ERR: syntax error, unexpected '(', expecting identifier (T_STRING) or variable (T_VARIABLE) or '{' or '$'

[ 2017-03-07T15:59:15+08:00 ] 127.0.0.1 //project/Thinkcms/server//index.php//Admin//Public/debug
INFO: [ app_init ] --START--
INFO: Run Behavior\BuildLiteBehavior [ RunTime:0.000000s ]
INFO: [ app_init ] --END-- [ RunTime:0.001000s ]
INFO: [ app_begin ] --START--
INFO: Run Behavior\ReadHtmlCacheBehavior [ RunTime:0.001000s ]
INFO: [ app_begin ] --END-- [ RunTime:0.001000s ]
SQL: SHOW COLUMNS FROM `ad_menu` [ RunTime:0.0040s ]
SQL: SHOW COLUMNS FROM `ad_auth_rule` [ RunTime:0.0050s ]
SQL: SELECT * FROM `ad_auth_rule` WHERE ( name = "admin/member/index" ) LIMIT 1   [ RunTime:0.0000s ]
SQL: INSERT INTO `ad_auth_rule` (`title`,`name`,`module`,`type`) VALUES ('用户管理','admin/member/index','admin','2') [ RunTime:0.0010s ]
SQL: INSERT INTO `ad_menu` (`title`,`url`,`pid`,`sort`,`hide`,`rule_id`) VALUES ('用户管理','member/index','0','1','0','1') [ RunTime:0.0000s ]
INFO: [ app_end ] --START--
INFO: Run Behavior\ShowPageTraceBehavior [ RunTime:0.001000s ]
INFO: [ app_end ] --END-- [ RunTime:0.001000s ]

[ 2017-03-07T16:01:30+08:00 ] 127.0.0.1 //project/Thinkcms/server//index.php//Admin//Public/debug
INFO: [ app_init ] --START--
INFO: Run Behavior\BuildLiteBehavior [ RunTime:0.000000s ]
INFO: [ app_init ] --END-- [ RunTime:0.000000s ]
INFO: [ app_begin ] --START--
INFO: Run Behavior\ReadHtmlCacheBehavior [ RunTime:0.001000s ]
INFO: [ app_begin ] --END-- [ RunTime:0.001000s ]
SQL: SHOW COLUMNS FROM `ad_menu` [ RunTime:0.0040s ]
SQL: SHOW COLUMNS FROM `ad_auth_rule` [ RunTime:0.0040s ]
SQL: SELECT * FROM `ad_auth_rule` WHERE ( name = "admin/member/getList" ) LIMIT 1   [ RunTime:0.0000s ]
SQL: INSERT INTO `ad_auth_rule` (`title`,`name`,`module`,`type`) VALUES ('用户列表','admin/member/getList','admin','2') [ RunTime:0.0000s ]
SQL: INSERT INTO `ad_menu` (`title`,`url`,`pid`,`sort`,`hide`,`rule_id`) VALUES ('用户列表','member/getList','1','1','0','2') [ RunTime:0.0010s ]
INFO: [ app_end ] --START--
INFO: Run Behavior\ShowPageTraceBehavior [ RunTime:0.000000s ]
INFO: [ app_end ] --END-- [ RunTime:0.000000s ]

[ 2017-03-07T16:01:50+08:00 ] 127.0.0.1 //project/Thinkcms/server//index.php//Admin//Public/debug
INFO: [ app_init ] --START--
INFO: Run Behavior\BuildLiteBehavior [ RunTime:0.000000s ]
INFO: [ app_init ] --END-- [ RunTime:0.001000s ]
INFO: [ app_begin ] --START--
INFO: Run Behavior\ReadHtmlCacheBehavior [ RunTime:0.001000s ]
INFO: [ app_begin ] --END-- [ RunTime:0.001000s ]
SQL: SHOW COLUMNS FROM `ad_menu` [ RunTime:0.0050s ]
SQL: SHOW COLUMNS FROM `ad_auth_rule` [ RunTime:0.0050s ]
SQL: SELECT * FROM `ad_auth_rule` WHERE ( name = "admin/member/addItem" ) LIMIT 1   [ RunTime:0.0000s ]
SQL: INSERT INTO `ad_auth_rule` (`title`,`name`,`module`,`type`) VALUES ('用户添加','admin/member/addItem','admin','2') [ RunTime:0.0010s ]
SQL: INSERT INTO `ad_menu` (`title`,`url`,`pid`,`sort`,`hide`,`rule_id`) VALUES ('用户添加','member/addItem','2','1','0','3') [ RunTime:0.0000s ]
SQL: SELECT * FROM `ad_auth_rule` WHERE ( name = "admin/member/changeItem" ) LIMIT 1   [ RunTime:0.0000s ]
SQL: INSERT INTO `ad_auth_rule` (`title`,`name`,`module`,`type`) VALUES ('用户变更','admin/member/changeItem','admin','2') [ RunTime:0.0010s ]
SQL: INSERT INTO `ad_menu` (`title`,`url`,`pid`,`sort`,`hide`,`rule_id`) VALUES ('用户变更','member/changeItem','2','1','0','4') [ RunTime:0.0000s ]
SQL: SELECT * FROM `ad_auth_rule` WHERE ( name = "admin/member/deleteItem" ) LIMIT 1   [ RunTime:0.0000s ]
SQL: INSERT INTO `ad_auth_rule` (`title`,`name`,`module`,`type`) VALUES ('用户删除','admin/member/deleteItem','admin','2') [ RunTime:0.0010s ]
SQL: INSERT INTO `ad_menu` (`title`,`url`,`pid`,`sort`,`hide`,`rule_id`) VALUES ('用户删除','member/deleteItem','2','1','0','5') [ RunTime:0.0000s ]
SQL: SELECT * FROM `ad_auth_rule` WHERE ( name = "admin/member/detailItem" ) LIMIT 1   [ RunTime:0.0000s ]
SQL: INSERT INTO `ad_auth_rule` (`title`,`name`,`module`,`type`) VALUES ('用户详情','admin/member/detailItem','admin','2') [ RunTime:0.0010s ]
SQL: INSERT INTO `ad_menu` (`title`,`url`,`pid`,`sort`,`hide`,`rule_id`) VALUES ('用户详情','member/detailItem','2','1','0','6') [ RunTime:0.0000s ]
INFO: [ app_end ] --START--
INFO: Run Behavior\ShowPageTraceBehavior [ RunTime:0.001000s ]
INFO: [ app_end ] --END-- [ RunTime:0.001000s ]

[ 2017-03-07T16:03:08+08:00 ] 127.0.0.1 //project/Thinkcms/server//index.php//Admin//Public/debug
INFO: [ app_init ] --START--
INFO: Run Behavior\BuildLiteBehavior [ RunTime:0.000000s ]
INFO: [ app_init ] --END-- [ RunTime:0.000000s ]
INFO: [ app_begin ] --START--
INFO: Run Behavior\ReadHtmlCacheBehavior [ RunTime:0.001000s ]
INFO: [ app_begin ] --END-- [ RunTime:0.001000s ]
ERR: syntax error, unexpected '}'

[ 2017-03-07T16:03:17+08:00 ] 127.0.0.1 //project/Thinkcms/server//index.php//Admin//Public/debug
INFO: [ app_init ] --START--
INFO: Run Behavior\BuildLiteBehavior [ RunTime:0.000000s ]
INFO: [ app_init ] --END-- [ RunTime:0.001001s ]
INFO: [ app_begin ] --START--
INFO: Run Behavior\ReadHtmlCacheBehavior [ RunTime:0.001000s ]
INFO: [ app_begin ] --END-- [ RunTime:0.001000s ]
SQL: SHOW COLUMNS FROM `ad_auth_group` [ RunTime:0.0050s ]
SQL: INSERT INTO `ad_auth_group` (`title`,`module`,`type`,`decipt`) VALUES ('会员管理','admin','1','') [ RunTime:0.0000s ]
INFO: [ app_end ] --START--
INFO: Run Behavior\ShowPageTraceBehavior [ RunTime:0.001000s ]
INFO: [ app_end ] --END-- [ RunTime:0.001000s ]

[ 2017-03-07T16:04:27+08:00 ] 127.0.0.1 //project/Thinkcms/server//index.php//Admin//Public/debug
INFO: [ app_init ] --START--
INFO: Run Behavior\BuildLiteBehavior [ RunTime:0.000000s ]
INFO: [ app_init ] --END-- [ RunTime:0.000000s ]
INFO: [ app_begin ] --START--
INFO: Run Behavior\ReadHtmlCacheBehavior [ RunTime:0.001001s ]
INFO: [ app_begin ] --END-- [ RunTime:0.001001s ]
SQL: SHOW COLUMNS FROM `ad_auth_group` [ RunTime:0.0060s ]
SQL: SELECT * FROM `ad_auth_group` WHERE ( id = 1 ) LIMIT 1   [ RunTime:0.0000s ]
SQL: UPDATE `ad_auth_group` SET `module`='admin',`type`='1',`title`='会员管理',`decipt`='',`status`='1',`rules`='1,2,3,4,5,6' WHERE `id` = 1 [ RunTime:0.0000s ]
INFO: [ app_end ] --START--
INFO: Run Behavior\ShowPageTraceBehavior [ RunTime:0.001001s ]
INFO: [ app_end ] --END-- [ RunTime:0.001001s ]

[ 2017-03-07T16:05:22+08:00 ] 127.0.0.1 //project/Thinkcms/server//index.php//Admin//Public/debug
INFO: [ app_init ] --START--
INFO: Run Behavior\BuildLiteBehavior [ RunTime:0.000000s ]
INFO: [ app_init ] --END-- [ RunTime:0.001000s ]
INFO: [ app_begin ] --START--
INFO: Run Behavior\ReadHtmlCacheBehavior [ RunTime:0.000000s ]
INFO: [ app_begin ] --END-- [ RunTime:0.002000s ]
SQL: SHOW COLUMNS FROM `ad_auth_group` [ RunTime:0.0040s ]
SQL: SHOW COLUMNS FROM `ad_auth_group_access` [ RunTime:0.0040s ]
SQL: SELECT * FROM `ad_auth_group_access` WHERE ( uid = 1 and group_id = 2 ) LIMIT 1   [ RunTime:0.0010s ]
SQL: INSERT INTO `ad_auth_group_access` (`group_id`) VALUES ('1') [ RunTime:0.0000s ]
INFO: [ app_end ] --START--
INFO: Run Behavior\ShowPageTraceBehavior [ RunTime:0.001000s ]
INFO: [ app_end ] --END-- [ RunTime:0.001000s ]

[ 2017-03-07T16:05:58+08:00 ] 127.0.0.1 //project/Thinkcms/server//index.php//Admin//Public/debug
INFO: [ app_init ] --START--
INFO: Run Behavior\BuildLiteBehavior [ RunTime:0.000000s ]
INFO: [ app_init ] --END-- [ RunTime:0.000000s ]
INFO: [ app_begin ] --START--
INFO: Run Behavior\ReadHtmlCacheBehavior [ RunTime:0.001000s ]
INFO: [ app_begin ] --END-- [ RunTime:0.001000s ]
SQL: SHOW COLUMNS FROM `ad_auth_group` [ RunTime:0.0060s ]
SQL: SHOW COLUMNS FROM `ad_auth_group_access` [ RunTime:0.0060s ]
SQL: SELECT `group_id` FROM `ad_auth_group_access` WHERE ( uid = 1 )  [ RunTime:0.0010s ]
NOTIC: [2] in_array() expects parameter 2 to be array, null given D:\App\Myweb\project\Thinkcms\server\Application\Admin\Model\GroupModel.class.php 第 99 行.
NOTIC: [2] in_array() expects parameter 2 to be array, null given D:\App\Myweb\project\Thinkcms\server\Application\Admin\Model\GroupModel.class.php 第 99 行.
SQL: INSERT INTO `ad_auth_group_access` (`uid`,`group_id`) VALUES ('1','1'),('1','2') [ RunTime:0.0000s ]
INFO: [ app_end ] --START--
INFO: Run Behavior\ShowPageTraceBehavior [ RunTime:0.001000s ]
INFO: [ app_end ] --END-- [ RunTime:0.001000s ]

[ 2017-03-07T16:06:39+08:00 ] 127.0.0.1 //project/Thinkcms/server//index.php//Admin//Public/debug
INFO: [ app_init ] --START--
INFO: Run Behavior\BuildLiteBehavior [ RunTime:0.000000s ]
INFO: [ app_init ] --END-- [ RunTime:0.000000s ]
INFO: [ app_begin ] --START--
INFO: Run Behavior\ReadHtmlCacheBehavior [ RunTime:0.000000s ]
INFO: [ app_begin ] --END-- [ RunTime:0.000000s ]
SQL: SHOW COLUMNS FROM `ad_auth_group` [ RunTime:0.0050s ]
SQL: SHOW COLUMNS FROM `ad_auth_group_access` [ RunTime:0.0040s ]
SQL: SELECT * FROM `ad_auth_group_access` WHERE ( uid = 1 and group_id = 1 ) LIMIT 1   [ RunTime:0.0000s ]
SQL: INSERT INTO `ad_auth_group_access` (`uid`,`group_id`) VALUES ('1','1') [ RunTime:0.0000s ]
SQL: SELECT * FROM `ad_auth_group_access` WHERE ( uid = 2 and group_id = 1 ) LIMIT 1   [ RunTime:0.0010s ]
SQL: INSERT INTO `ad_auth_group_access` (`uid`,`group_id`) VALUES ('2','1') [ RunTime:0.0000s ]
INFO: [ app_end ] --START--
INFO: Run Behavior\ShowPageTraceBehavior [ RunTime:0.001000s ]
INFO: [ app_end ] --END-- [ RunTime:0.001000s ]

[ 2017-03-07T16:07:29+08:00 ] 127.0.0.1 //project/Thinkcms/server//index.php//Admin//Public/debug
INFO: [ app_init ] --START--
INFO: Run Behavior\BuildLiteBehavior [ RunTime:0.000000s ]
INFO: [ app_init ] --END-- [ RunTime:0.001000s ]
INFO: [ app_begin ] --START--
INFO: Run Behavior\ReadHtmlCacheBehavior [ RunTime:0.001000s ]
INFO: [ app_begin ] --END-- [ RunTime:0.001000s ]
SQL: SHOW COLUMNS FROM `ad_auth_group_access` [ RunTime:0.0040s ]
SQL: SELECT `uid`,`group_id`,`title`,`rules` FROM ad_auth_group_access a INNER JOIN ad_auth_group g on a.group_id=g.id  WHERE ( a.uid='1' and g.status='1' )  [ RunTime:0.0000s ]
SQL: SHOW COLUMNS FROM `ad_auth_rule` [ RunTime:0.0040s ]
SQL: SELECT `condition`,`name` FROM `ad_auth_rule` WHERE `id` IN ('1','2','3','4','5','6') AND `type` IN ('1','2') AND `status` = 1  [ RunTime:0.0000s ]
INFO: [ app_end ] --START--
INFO: Run Behavior\ShowPageTraceBehavior [ RunTime:0.001000s ]
INFO: [ app_end ] --END-- [ RunTime:0.001000s ]

[ 2017-03-07T16:07:38+08:00 ] 127.0.0.1 //project/Thinkcms/server//index.php//Admin//Public/debug
INFO: [ app_init ] --START--
INFO: Run Behavior\BuildLiteBehavior [ RunTime:0.000000s ]
INFO: [ app_init ] --END-- [ RunTime:0.001000s ]
INFO: [ app_begin ] --START--
INFO: Run Behavior\ReadHtmlCacheBehavior [ RunTime:0.000000s ]
INFO: [ app_begin ] --END-- [ RunTime:0.000000s ]
SQL: SHOW COLUMNS FROM `ad_auth_group_access` [ RunTime:0.0040s ]
SQL: SELECT `uid`,`group_id`,`title`,`rules` FROM ad_auth_group_access a INNER JOIN ad_auth_group g on a.group_id=g.id  WHERE ( a.uid='1' and g.status='1' )  [ RunTime:0.0010s ]
SQL: SHOW COLUMNS FROM `ad_auth_rule` [ RunTime:0.0040s ]
SQL: SELECT `condition`,`name` FROM `ad_auth_rule` WHERE `id` IN ('1','2','3','4','5','6') AND `type` IN ('1','2') AND `status` = 1  [ RunTime:0.0000s ]
INFO: [ app_end ] --START--
INFO: Run Behavior\ShowPageTraceBehavior [ RunTime:0.001000s ]
INFO: [ app_end ] --END-- [ RunTime:0.001000s ]

[ 2017-03-07T16:07:43+08:00 ] 127.0.0.1 //project/Thinkcms/server//index.php//Admin//Public/debug
INFO: [ app_init ] --START--
INFO: Run Behavior\BuildLiteBehavior [ RunTime:0.000000s ]
INFO: [ app_init ] --END-- [ RunTime:0.000000s ]
INFO: [ app_begin ] --START--
INFO: Run Behavior\ReadHtmlCacheBehavior [ RunTime:0.001000s ]
INFO: [ app_begin ] --END-- [ RunTime:0.001000s ]
SQL: SHOW COLUMNS FROM `ad_auth_group_access` [ RunTime:0.0040s ]
SQL: SELECT `uid`,`group_id`,`title`,`rules` FROM ad_auth_group_access a INNER JOIN ad_auth_group g on a.group_id=g.id  WHERE ( a.uid='1' and g.status='1' )  [ RunTime:0.0010s ]
SQL: SHOW COLUMNS FROM `ad_auth_rule` [ RunTime:0.0030s ]
SQL: SELECT `condition`,`name` FROM `ad_auth_rule` WHERE `id` IN ('1','2','3','4','5','6') AND `type` IN ('1','2') AND `status` = 1  [ RunTime:0.0000s ]
INFO: [ app_end ] --START--
INFO: Run Behavior\ShowPageTraceBehavior [ RunTime:0.002000s ]
INFO: [ app_end ] --END-- [ RunTime:0.002000s ]

[ 2017-03-07T16:07:48+08:00 ] 127.0.0.1 //project/Thinkcms/server//index.php//Admin//Public/debug
INFO: [ app_init ] --START--
INFO: Run Behavior\BuildLiteBehavior [ RunTime:0.000000s ]
INFO: [ app_init ] --END-- [ RunTime:0.000000s ]
INFO: [ app_begin ] --START--
INFO: Run Behavior\ReadHtmlCacheBehavior [ RunTime:0.001000s ]
INFO: [ app_begin ] --END-- [ RunTime:0.001000s ]
SQL: SHOW COLUMNS FROM `ad_auth_group_access` [ RunTime:0.0040s ]
SQL: SELECT `uid`,`group_id`,`title`,`rules` FROM ad_auth_group_access a INNER JOIN ad_auth_group g on a.group_id=g.id  WHERE ( a.uid='1' and g.status='1' )  [ RunTime:0.0010s ]
SQL: SHOW COLUMNS FROM `ad_auth_rule` [ RunTime:0.0040s ]
SQL: SELECT `condition`,`name` FROM `ad_auth_rule` WHERE `id` IN ('1','2','3','4','5','6') AND `type` IN ('1','2') AND `status` = 1  [ RunTime:0.0000s ]
INFO: [ app_end ] --START--
INFO: Run Behavior\ShowPageTraceBehavior [ RunTime:0.001001s ]
INFO: [ app_end ] --END-- [ RunTime:0.001001s ]

[ 2017-03-07T16:07:55+08:00 ] 127.0.0.1 //project/Thinkcms/server//index.php//Admin//Public/debug
INFO: [ app_init ] --START--
INFO: Run Behavior\BuildLiteBehavior [ RunTime:0.000000s ]
INFO: [ app_init ] --END-- [ RunTime:0.000000s ]
INFO: [ app_begin ] --START--
INFO: Run Behavior\ReadHtmlCacheBehavior [ RunTime:0.000000s ]
INFO: [ app_begin ] --END-- [ RunTime:0.000000s ]
SQL: SHOW COLUMNS FROM `ad_auth_group_access` [ RunTime:0.0050s ]
SQL: SELECT `uid`,`group_id`,`title`,`rules` FROM ad_auth_group_access a INNER JOIN ad_auth_group g on a.group_id=g.id  WHERE ( a.uid='2' and g.status='1' )  [ RunTime:0.0000s ]
SQL: SHOW COLUMNS FROM `ad_auth_rule` [ RunTime:0.0040s ]
SQL: SELECT `condition`,`name` FROM `ad_auth_rule` WHERE `id` IN ('1','2','3','4','5','6') AND `type` IN ('1','2') AND `status` = 1  [ RunTime:0.0010s ]
INFO: [ app_end ] --START--
INFO: Run Behavior\ShowPageTraceBehavior [ RunTime:0.001000s ]
INFO: [ app_end ] --END-- [ RunTime:0.001000s ]

[ 2017-03-07T16:07:59+08:00 ] 127.0.0.1 //project/Thinkcms/server//index.php//Admin//Public/debug
INFO: [ app_init ] --START--
INFO: Run Behavior\BuildLiteBehavior [ RunTime:0.000000s ]
INFO: [ app_init ] --END-- [ RunTime:0.000000s ]
INFO: [ app_begin ] --START--
INFO: Run Behavior\ReadHtmlCacheBehavior [ RunTime:0.001000s ]
INFO: [ app_begin ] --END-- [ RunTime:0.001000s ]
SQL: SHOW COLUMNS FROM `ad_auth_group_access` [ RunTime:0.0050s ]
SQL: SELECT `uid`,`group_id`,`title`,`rules` FROM ad_auth_group_access a INNER JOIN ad_auth_group g on a.group_id=g.id  WHERE ( a.uid='3' and g.status='1' )  [ RunTime:0.0000s ]
INFO: [ app_end ] --START--
INFO: Run Behavior\ShowPageTraceBehavior [ RunTime:0.001000s ]
INFO: [ app_end ] --END-- [ RunTime:0.001000s ]

[ 2017-03-07T16:14:02+08:00 ] 127.0.0.1 /server/index.php/admin/public/debug
INFO: [ app_init ] --START--
INFO: Run Behavior\BuildLiteBehavior [ RunTime:0.000000s ]
INFO: [ app_init ] --END-- [ RunTime:0.000000s ]
INFO: [ app_begin ] --START--
INFO: Run Behavior\ReadHtmlCacheBehavior [ RunTime:0.000000s ]
INFO: [ app_begin ] --END-- [ RunTime:0.000000s ]
ERR: Call to protected method Think\Auth::getAuthList() from context 'Admin\Controller\PublicController'

[ 2017-03-07T16:20:00+08:00 ] 127.0.0.1 /server/index.php/admin/public/debug
INFO: [ app_init ] --START--
INFO: Run Behavior\BuildLiteBehavior [ RunTime:0.000000s ]
INFO: [ app_init ] --END-- [ RunTime:0.001000s ]
INFO: [ app_begin ] --START--
INFO: Run Behavior\ReadHtmlCacheBehavior [ RunTime:0.000000s ]
INFO: [ app_begin ] --END-- [ RunTime:0.000000s ]
SQL: SHOW COLUMNS FROM `ad_menu` [ RunTime:0.0050s ]
SQL: SELECT * FROM `ad_menu`  [ RunTime:0.0010s ]
INFO: [ app_end ] --START--
INFO: Run Behavior\ShowPageTraceBehavior [ RunTime:0.001000s ]
INFO: [ app_end ] --END-- [ RunTime:0.001000s ]

[ 2017-03-07T16:26:02+08:00 ] 127.0.0.1 /server/index.php/admin/public/debug
INFO: [ app_init ] --START--
INFO: Run Behavior\BuildLiteBehavior [ RunTime:0.000000s ]
INFO: [ app_init ] --END-- [ RunTime:0.000000s ]
INFO: [ app_begin ] --START--
INFO: Run Behavior\ReadHtmlCacheBehavior [ RunTime:0.000000s ]
INFO: [ app_begin ] --END-- [ RunTime:0.001000s ]
SQL: SHOW COLUMNS FROM `ad_menu` [ RunTime:0.0050s ]
SQL: SELECT `id`,`rule_id`,`title`,`pid`,`sort`,`url`,`hide`,`status`,`icon` FROM `ad_menu` WHERE ( status = 1 ) ORDER BY pid, sort  [ RunTime:0.0010s ]
INFO: [ app_end ] --START--
INFO: Run Behavior\ShowPageTraceBehavior [ RunTime:0.001000s ]
INFO: [ app_end ] --END-- [ RunTime:0.001000s ]

[ 2017-03-07T16:26:17+08:00 ] 127.0.0.1 /server/index.php/admin/public/debug
INFO: [ app_init ] --START--
INFO: Run Behavior\BuildLiteBehavior [ RunTime:0.000000s ]
INFO: [ app_init ] --END-- [ RunTime:0.001000s ]
INFO: [ app_begin ] --START--
INFO: Run Behavior\ReadHtmlCacheBehavior [ RunTime:0.001000s ]
INFO: [ app_begin ] --END-- [ RunTime:0.001000s ]
SQL: SHOW COLUMNS FROM `ad_menu` [ RunTime:0.0050s ]
SQL: SELECT `id`,`rule_id`,`title`,`pid`,`sort`,`url`,`hide`,`status`,`icon` FROM `ad_menu` WHERE ( status = 1 ) ORDER BY pid, sort  [ RunTime:0.0010s ]
INFO: [ app_end ] --START--
INFO: Run Behavior\ShowPageTraceBehavior [ RunTime:0.001000s ]
INFO: [ app_end ] --END-- [ RunTime:0.001000s ]

[ 2017-03-07T16:27:52+08:00 ] 127.0.0.1 /server/index.php/admin/public/debug
INFO: [ app_init ] --START--
INFO: Run Behavior\BuildLiteBehavior [ RunTime:0.000000s ]
INFO: [ app_init ] --END-- [ RunTime:0.000000s ]
INFO: [ app_begin ] --START--
INFO: Run Behavior\ReadHtmlCacheBehavior [ RunTime:0.001000s ]
INFO: [ app_begin ] --END-- [ RunTime:0.001000s ]
SQL: SHOW COLUMNS FROM `ad_menu` [ RunTime:0.0050s ]
NOTIC: [8] Undefined index: pid D:\App\Myweb\project\Thinkcms\server\Application\Admin\Model\MenuModel.class.php 第 70 行.
NOTIC: [8] Undefined index: pid D:\App\Myweb\project\Thinkcms\server\Application\Admin\Model\MenuModel.class.php 第 70 行.
INFO: [ app_end ] --START--
INFO: Run Behavior\ShowPageTraceBehavior [ RunTime:0.001000s ]
INFO: [ app_end ] --END-- [ RunTime:0.001000s ]

[ 2017-03-07T16:28:40+08:00 ] 127.0.0.1 /server/index.php/admin/public/debug
INFO: [ app_init ] --START--
INFO: Run Behavior\BuildLiteBehavior [ RunTime:0.000000s ]
INFO: [ app_init ] --END-- [ RunTime:0.001001s ]
INFO: [ app_begin ] --START--
INFO: Run Behavior\ReadHtmlCacheBehavior [ RunTime:0.000000s ]
INFO: [ app_begin ] --END-- [ RunTime:0.001000s ]
SQL: SHOW COLUMNS FROM `ad_menu` [ RunTime:0.0060s ]
NOTIC: [8] Undefined index: pid D:\App\Myweb\project\Thinkcms\server\Application\Admin\Model\MenuModel.class.php 第 70 行.
NOTIC: [8] Undefined index: pid D:\App\Myweb\project\Thinkcms\server\Application\Admin\Model\MenuModel.class.php 第 70 行.
INFO: [ app_end ] --START--
INFO: Run Behavior\ShowPageTraceBehavior [ RunTime:0.001000s ]
INFO: [ app_end ] --END-- [ RunTime:0.001000s ]

[ 2017-03-07T16:30:36+08:00 ] 127.0.0.1 /server/index.php/admin/public/debug
INFO: [ app_init ] --START--
INFO: Run Behavior\BuildLiteBehavior [ RunTime:0.000000s ]
INFO: [ app_init ] --END-- [ RunTime:0.001000s ]
INFO: [ app_begin ] --START--
INFO: Run Behavior\ReadHtmlCacheBehavior [ RunTime:0.001000s ]
INFO: [ app_begin ] --END-- [ RunTime:0.001000s ]
SQL: SHOW COLUMNS FROM `ad_menu` [ RunTime:0.0040s ]
NOTIC: [8] Undefined index: pid D:\App\Myweb\project\Thinkcms\server\Application\Admin\Model\MenuModel.class.php 第 72 行.
NOTIC: [8] Undefined index: pid D:\App\Myweb\project\Thinkcms\server\Application\Admin\Model\MenuModel.class.php 第 72 行.
INFO: [ app_end ] --START--
INFO: Run Behavior\ShowPageTraceBehavior [ RunTime:0.001000s ]
INFO: [ app_end ] --END-- [ RunTime:0.001000s ]

[ 2017-03-07T16:30:37+08:00 ] 127.0.0.1 /server/index.php/admin/public/debug
INFO: [ app_init ] --START--
INFO: Run Behavior\BuildLiteBehavior [ RunTime:0.000000s ]
INFO: [ app_init ] --END-- [ RunTime:0.001000s ]
INFO: [ app_begin ] --START--
INFO: Run Behavior\ReadHtmlCacheBehavior [ RunTime:0.001000s ]
INFO: [ app_begin ] --END-- [ RunTime:0.001000s ]
SQL: SHOW COLUMNS FROM `ad_menu` [ RunTime:0.0050s ]
NOTIC: [8] Undefined index: pid D:\App\Myweb\project\Thinkcms\server\Application\Admin\Model\MenuModel.class.php 第 72 行.
NOTIC: [8] Undefined index: pid D:\App\Myweb\project\Thinkcms\server\Application\Admin\Model\MenuModel.class.php 第 72 行.
INFO: [ app_end ] --START--
INFO: Run Behavior\ShowPageTraceBehavior [ RunTime:0.000000s ]
INFO: [ app_end ] --END-- [ RunTime:0.000000s ]

[ 2017-03-07T16:30:58+08:00 ] 127.0.0.1 /server/index.php/admin/public/debug
INFO: [ app_init ] --START--
INFO: Run Behavior\BuildLiteBehavior [ RunTime:0.000000s ]
INFO: [ app_init ] --END-- [ RunTime:0.000000s ]
INFO: [ app_begin ] --START--
INFO: Run Behavior\ReadHtmlCacheBehavior [ RunTime:0.000000s ]
INFO: [ app_begin ] --END-- [ RunTime:0.000000s ]
SQL: SHOW COLUMNS FROM `ad_menu` [ RunTime:0.0040s ]
NOTIC: [8] Undefined index: pid D:\App\Myweb\project\Thinkcms\server\Application\Admin\Model\MenuModel.class.php 第 72 行.
NOTIC: [8] Undefined index: pid D:\App\Myweb\project\Thinkcms\server\Application\Admin\Model\MenuModel.class.php 第 72 行.
INFO: [ app_end ] --START--
INFO: Run Behavior\ShowPageTraceBehavior [ RunTime:0.001000s ]
INFO: [ app_end ] --END-- [ RunTime:0.001000s ]

[ 2017-03-07T16:31:28+08:00 ] 127.0.0.1 /server/index.php/admin/public/debug
INFO: [ app_init ] --START--
INFO: Run Behavior\BuildLiteBehavior [ RunTime:0.000000s ]
INFO: [ app_init ] --END-- [ RunTime:0.000000s ]
INFO: [ app_begin ] --START--
INFO: Run Behavior\ReadHtmlCacheBehavior [ RunTime:0.001000s ]
INFO: [ app_begin ] --END-- [ RunTime:0.001000s ]
SQL: SHOW COLUMNS FROM `ad_menu` [ RunTime:0.0060s ]
SQL: SELECT `id`,`rule_id`,`title`,`pid`,`sort`,`url`,`hide`,`status`,`icon` FROM `ad_menu` WHERE ( status = 1 ) ORDER BY pid, sort  [ RunTime:0.0000s ]
NOTIC: [8] Undefined index: pid D:\App\Myweb\project\Thinkcms\server\Application\Admin\Model\MenuModel.class.php 第 72 行.
NOTIC: [8] Undefined index: pid D:\App\Myweb\project\Thinkcms\server\Application\Admin\Model\MenuModel.class.php 第 72 行.
INFO: [ app_end ] --START--
INFO: Run Behavior\ShowPageTraceBehavior [ RunTime:0.005000s ]
INFO: [ app_end ] --END-- [ RunTime:0.005000s ]

[ 2017-03-07T16:31:31+08:00 ] 127.0.0.1 /server/index.php/admin/public/debug
INFO: [ app_init ] --START--
INFO: Run Behavior\BuildLiteBehavior [ RunTime:0.000000s ]
INFO: [ app_init ] --END-- [ RunTime:0.001000s ]
INFO: [ app_begin ] --START--
INFO: Run Behavior\ReadHtmlCacheBehavior [ RunTime:0.001000s ]
INFO: [ app_begin ] --END-- [ RunTime:0.001000s ]
SQL: SHOW COLUMNS FROM `ad_menu` [ RunTime:0.0050s ]
NOTIC: [8] Undefined index: pid D:\App\Myweb\project\Thinkcms\server\Application\Admin\Model\MenuModel.class.php 第 72 行.
NOTIC: [8] Undefined index: pid D:\App\Myweb\project\Thinkcms\server\Application\Admin\Model\MenuModel.class.php 第 72 行.
INFO: [ app_end ] --START--
INFO: Run Behavior\ShowPageTraceBehavior [ RunTime:0.001000s ]
INFO: [ app_end ] --END-- [ RunTime:0.001000s ]

[ 2017-03-07T16:34:24+08:00 ] 127.0.0.1 /server/index.php/admin/public/debug
INFO: [ app_init ] --START--
INFO: Run Behavior\BuildLiteBehavior [ RunTime:0.000000s ]
INFO: [ app_init ] --END-- [ RunTime:0.001000s ]
INFO: [ app_begin ] --START--
INFO: Run Behavior\ReadHtmlCacheBehavior [ RunTime:0.001000s ]
INFO: [ app_begin ] --END-- [ RunTime:0.001000s ]
SQL: SHOW COLUMNS FROM `ad_menu` [ RunTime:0.0040s ]

[ 2017-03-07T16:36:40+08:00 ] 127.0.0.1 /server/index.php/admin/public/debug
INFO: [ app_init ] --START--
INFO: Run Behavior\BuildLiteBehavior [ RunTime:0.000000s ]
INFO: [ app_init ] --END-- [ RunTime:0.001000s ]
INFO: [ app_begin ] --START--
INFO: Run Behavior\ReadHtmlCacheBehavior [ RunTime:0.001000s ]
INFO: [ app_begin ] --END-- [ RunTime:0.001000s ]
SQL: SHOW COLUMNS FROM `ad_menu` [ RunTime:0.0050s ]
SQL: SELECT `id`,`rule_id`,`title`,`pid`,`sort`,`url`,`hide`,`status`,`icon` FROM `ad_menu` WHERE ( status = 1 ) ORDER BY pid, sort  [ RunTime:0.0000s ]
SQL: SHOW COLUMNS FROM `ad_auth_group_access` [ RunTime:0.0060s ]
SQL: SELECT `uid`,`group_id`,`title`,`rules` FROM ad_auth_group_access a INNER JOIN ad_auth_group g on a.group_id=g.id  WHERE ( a.uid='1' and g.status='1' )  [ RunTime:0.0020s ]
SQL: SHOW COLUMNS FROM `ad_auth_rule` [ RunTime:0.0050s ]
SQL: SELECT `condition`,`name` FROM `ad_auth_rule` WHERE `id` IN ('1','2','3','4','5','6') AND `type` IN ('1','2') AND `status` = 1  [ RunTime:0.0000s ]

[ 2017-03-07T16:36:56+08:00 ] 127.0.0.1 /server/index.php/admin/public/debug
INFO: [ app_init ] --START--
INFO: Run Behavior\BuildLiteBehavior [ RunTime:0.000000s ]
INFO: [ app_init ] --END-- [ RunTime:0.000000s ]
INFO: [ app_begin ] --START--
INFO: Run Behavior\ReadHtmlCacheBehavior [ RunTime:0.001000s ]
INFO: [ app_begin ] --END-- [ RunTime:0.001000s ]
SQL: SHOW COLUMNS FROM `ad_menu` [ RunTime:0.0060s ]
SQL: SHOW COLUMNS FROM `ad_auth_group_access` [ RunTime:0.0040s ]
SQL: SELECT `uid`,`group_id`,`title`,`rules` FROM ad_auth_group_access a INNER JOIN ad_auth_group g on a.group_id=g.id  WHERE ( a.uid='1' and g.status='1' )  [ RunTime:0.0010s ]
SQL: SHOW COLUMNS FROM `ad_auth_rule` [ RunTime:0.0060s ]
SQL: SELECT `condition`,`name` FROM `ad_auth_rule` WHERE `id` IN ('1','2','3','4','5','6') AND `type` IN ('1','2') AND `status` = 1  [ RunTime:0.0000s ]

[ 2017-03-07T16:37:04+08:00 ] 127.0.0.1 /server/index.php/admin/public/debug
INFO: [ app_init ] --START--
INFO: Run Behavior\BuildLiteBehavior [ RunTime:0.000000s ]
INFO: [ app_init ] --END-- [ RunTime:0.001000s ]
INFO: [ app_begin ] --START--
INFO: Run Behavior\ReadHtmlCacheBehavior [ RunTime:0.001001s ]
INFO: [ app_begin ] --END-- [ RunTime:0.001001s ]
SQL: SHOW COLUMNS FROM `ad_menu` [ RunTime:0.0050s ]
SQL: SHOW COLUMNS FROM `ad_auth_group_access` [ RunTime:0.0050s ]
SQL: SELECT `uid`,`group_id`,`title`,`rules` FROM ad_auth_group_access a INNER JOIN ad_auth_group g on a.group_id=g.id  WHERE ( a.uid='3' and g.status='1' )  [ RunTime:0.0000s ]

[ 2017-03-07T16:37:16+08:00 ] 127.0.0.1 /server/index.php/admin/public/debug
INFO: [ app_init ] --START--
INFO: Run Behavior\BuildLiteBehavior [ RunTime:0.000000s ]
INFO: [ app_init ] --END-- [ RunTime:0.001000s ]
INFO: [ app_begin ] --START--
INFO: Run Behavior\ReadHtmlCacheBehavior [ RunTime:0.001001s ]
INFO: [ app_begin ] --END-- [ RunTime:0.001001s ]
SQL: SHOW COLUMNS FROM `ad_menu` [ RunTime:0.0040s ]
NOTIC: [8] Undefined index: pid D:\App\Myweb\project\Thinkcms\server\Application\Admin\Model\MenuModel.class.php 第 85 行.
NOTIC: [8] Undefined index: pid D:\App\Myweb\project\Thinkcms\server\Application\Admin\Model\MenuModel.class.php 第 85 行.
INFO: [ app_end ] --START--
INFO: Run Behavior\ShowPageTraceBehavior [ RunTime:0.001000s ]
INFO: [ app_end ] --END-- [ RunTime:0.001000s ]

